<?xml version="1.0" encoding="UTF-8"?>
<!-- Generated by org.testng.reporters.JUnitReportReporter -->
<testsuite skipped="0" hostname="LAPTOP-F2Q7UN0G" name="selenium.amazon.SearchItemPageTest" tests="2" failures="0" timestamp="2022-08-01T00:19:58 IST" time="17.615" errors="0">
  <testcase name="searchItem" time="17.408" classname="selenium.amazon.SearchItemPageTest"/>
  <system-out/>
  <testcase name="verifyItemInCart" time="0.207" classname="selenium.amazon.SearchItemPageTest"/>
  <system-out/>
</testsuite> <!-- selenium.amazon.SearchItemPageTest -->
